=== NULE → 既存サイト 同期 ===

NULE: 280件 / 既存: 257件

  + 2026-06-29 日鉄→伊勢湾/11号
  + 2026-06-30 岐阜五十鈴→太平洋/西
  + 2026-06-29 日鉄→伊勢湾/11号
  + 2026-06-29 日鉄→伊勢湾/11号
  + 2026-06-30 鉄埠→日鉄物産特殊鋼
  + 2026-06-29 日鉄→伊勢湾/11号
  + 2026-06-29 日鉄→伊勢湾/11号
  + 2026-06-26 岐阜五十鈴→J-MAX/朝西
  + 2026-06-09 岐阜五十鈴→山本/恵那
  + 2026-06-29 岐阜五十鈴→山本/恵那
  ... 他13件

追加: 23件（既存データは削除していません）
=== 完了 ===
=== NULE → 既存サイト 同期 ===

NULE: 0件 / 既存: 280件


追加: 0件（既存データは削除していません）
=== 完了 ===
=== NULE → 既存サイト 同期 ===

NULE: 0件 / 既存: 280件


追加: 0件（既存データは削除していません）
=== 完了 ===
=== NULE → 既存サイト 同期 ===

NULE: 0件 / 既存: 280件


追加: 0件（既存データは削除していません）
=== 完了 ===
=== NULE → 既存サイト 同期 ===

NULE: 305件 / 既存: 322件


追加: 0件（既存データは削除していません）
=== 完了 ===
=== NULE → 既存サイト 同期 ===

NULE: 307件 / 既存: 322件

  + 2026-07-02 鉄埠→神谷
  + 2026-07-02 安城五十鈴→三恵技研
  + 2026-06-26 鉄埠→トーカイ
  + 2026-06-26 鉄埠→三鋼

追加: 4件（既存データは削除していません）
=== 完了 ===
=== NULE → 既存サイト 同期 ===

NULE: 318件 / 既存: 326件

  + 2026-07-01 鉄埠→千葉旭工業
  + 2026-07-02 鉄埠→神谷
  + 2026-07-09 大翔→今仙電機/八百津
  + 2026-07-02 安城五十鈴→三恵技研
  + 2026-07-01 岐阜五十鈴→山本/恵那
  + 2026-07-02 岐阜五十鈴→松久総合
  + 2026-07-02 岐阜五十鈴→YSMC
  + 2026-07-02 岐阜五十鈴→太平洋/養老
  + 2026-07-02 岐阜五十鈴→三恵技研
  + 2026-07-02 安城五十鈴→横山興業
  ... 他7件

追加: 17件（既存データは削除していません）
=== 完了 ===
=== NULE → 既存サイト 同期 ===

NULE: 323件 / 既存: 343件

  + 2026-06-29 日鉄→伊勢湾/11号
  + 2026-06-25 日鉄→伊勢湾/11号
  + 2026-06-11 日鉄→伊勢湾/11号
  + 2026-06-11 日鉄→金城/6号
  + 2026-06-29 日鉄→伊勢湾/11号
  + 2026-06-11 日鉄→伊勢湾/11号
  + 2026-06-29 日鉄→伊勢湾/11号
  + 2026-06-29 日鉄→伊勢湾/11号
  + 2026-06-25 日鉄→伊勢湾/11号
  + 2026-06-25 日鉄→伊勢湾/11号
  ... 他15件

追加: 25件（既存データは削除していません）
=== 完了 ===
